<?xml version="1.0" encoding="UTF-8"?>
<testng-results ignored="0" total="1" passed="1" failed="0" skipped="0">
  <reporter-output>
  </reporter-output>
  <suite started-at="2022-12-27T15:41:13 IST" name="Default suite" finished-at="2022-12-27T15:42:54 IST" duration-ms="101003">
    <groups>
    </groups>
    <test started-at="2022-12-27T15:41:13 IST" name="Default test" finished-at="2022-12-27T15:42:54 IST" duration-ms="101003">
      <class name="testcases.Report">
        <test-method is-config="true" signature="setUp()[pri:0, instance:testcases.Report@24fcf36f]" started-at="2022-12-27T15:41:13 IST" name="setUp" finished-at="2022-12-27T15:41:24 IST" duration-ms="11108" status="PASS">
          <reporter-output>
          </reporter-output>
        </test-method> <!-- setUp -->
        <test-method signature="DeleteAll()[pri:0, instance:testcases.Report@24fcf36f]" started-at="2022-12-27T15:41:24 IST" name="DeleteAll" finished-at="2022-12-27T15:42:54 IST" duration-ms="89819" status="PASS">
          <reporter-output>
          </reporter-output>
        </test-method> <!-- DeleteAll -->
        <test-method is-config="true" signature="tearOff(org.testng.ITestResult)[pri:0, instance:testcases.Report@24fcf36f]" started-at="2022-12-27T15:42:54 IST" name="tearOff" finished-at="2022-12-27T15:42:54 IST" duration-ms="6" status="PASS">
          <params>
            <param index="0">
              <value>
                <![CDATA[[TestResult name=DeleteAll status=SUCCESS method=Report.DeleteAll()[pri:0, instance:testcases.Report@24fcf36f] output={null}]]]>
              </value>
            </param>
          </params>
          <reporter-output>
          </reporter-output>
        </test-method> <!-- tearOff -->
      </class> <!-- testcases.Report -->
    </test> <!-- Default test -->
  </suite> <!-- Default suite -->
</testng-results>
